Crontab updated at 2023-09-17 16:08:20.
Crontab updated at 2023-09-17 16:09:22.
Crontab updated at 2023-09-17 16:13:03.
Crontab updated at 2023-09-17 16:15:40.
Crontab updated at 2023-09-17 16:17:04.
Crontab updated at 2023-09-17 16:23:00.
Crontab updated at 2023-09-17 16:24:00.
Crontab updated at 2023-09-17 16:26:01.
Crontab updated at 2023-09-17 16:34:02.
Crontab updated at 2023-09-17 16:35:24.
Crontab updated at 2023-09-17 16:37:22.
Crontab updated at 2023-09-17 16:38:23.
Crontab updated at 2023-09-17 16:40:45.
Crontab updated at 2023-09-17 16:40:56.
Main Crontab updated from /mnt/c/ubuntu/ACG/data/main_crontab.txt at 2023-09-17 16:44:32
Main Crontab updated from /mnt/c/ubuntu/ACG/data/main_crontab.txt at 2023-09-17 16:44:58
Main Crontab updated from /mnt/c/ubuntu/ACG/data/main_crontab.txt at 2023-09-17 16:45:14
Sub Crontab updated at 2023-09-17 16:45:24.
Main Crontab updated from /mnt/c/ubuntu/ACG/data/main_crontab.txt at 2023-09-17 16:45:58
Sub Crontab updated at 2023-09-17 16:46:27.
Main Crontab updated from /mnt/c/ubuntu/ACG/data/main_crontab.txt at 2023-09-17 16:46:59
Crontab updated at 2023-09-17 16:49:35.
Crontab updated at 2023-09-17 16:50:36.
Main Crontab updated from /mnt/c/ubuntu/ACG/data/main_crontab.txt at 2023-09-17 16:50:59
Sub Crontab updated at 2023-09-17 16:52:28.
Main Crontab updated at 2023-09-17 16:52:33
Sub Crontab updated at 2023-09-17 16:53:29.
Main Crontab updated at 2023-09-17 16:53:33
Sub Crontab updated at 2023-09-17 16:55:10.
Main Crontab updated at 2023-09-17 16:56:32
Sub Crontab updated at 2023-09-17 16:56:32
Sub Crontab updated at 2023-09-17 16:57:32
Main Crontab updated at 2023-09-17 16:58:32
Sub Crontab updated at 2023-09-17 17:01:33
Main Crontab updated at 2023-09-17 17:02:33
Main Crontab updated at 2023-09-18 16:00:10
Sub Crontab updated at 2023-09-18 16:00:10
Sub Crontab updated at 2023-09-18 16:01:10
Main Crontab updated at 2023-09-18 16:02:10
Sub Crontab updated at 2023-09-18 16:02:10
Main Crontab updated at 2023-09-18 16:03:11
